<?xml version="1.0" encoding="UTF-8"?>
<!-- Generated by org.testng.reporters.JUnitXMLReporter -->
<testsuite ignored="0" hostname="Tintu" failures="0" tests="4" name="Default test" time="10.822" errors="0" timestamp="2023-09-18T13:22:27 IST">
  <testcase classname="api.test.UserTests" name="testCreateUser" time="4.656"/>
  <testcase classname="api.test.UserTests" name="testReadUser" time="1.475"/>
  <testcase classname="api.test.UserTests" name="testupdateUser" time="2.769"/>
  <testcase classname="api.test.UserTests" name="testdeleteUser" time="1.311"/>
</testsuite> <!-- Default test -->
