<?xml version="1.0" encoding="UTF-8"?>
<!-- Generated by org.testng.reporters.JUnitXMLReporter -->
<testsuite ignored="0" hostname="Tintu" failures="0" tests="4" name="Test" time="11.32" errors="0" timestamp="2023-09-18T16:32:40 IST">
  <testcase classname="api.test.UserTests" name="testCreateUser" time="5.734"/>
  <testcase classname="api.test.UserTests" name="testReadUser" time="1.228"/>
  <testcase classname="api.test.UserTests" name="testupdateUser" time="2.436"/>
  <testcase classname="api.test.UserTests" name="testdeleteUser" time="1.255"/>
</testsuite> <!-- Test -->
