<?xml version="1.0" encoding="UTF-8"?>
<!-- Generated by org.testng.reporters.JUnitXMLReporter -->
<testsuite ignored="0" hostname="Tintu" failures="0" tests="4" name="Test" time="10.794" errors="0" timestamp="2023-09-18T16:47:02 IST">
  <testcase classname="api.test.UserTests" name="testCreateUser" time="5.352"/>
  <testcase classname="api.test.UserTests" name="testReadUser" time="1.245"/>
  <testcase classname="api.test.UserTests" name="testupdateUser" time="2.384"/>
  <testcase classname="api.test.UserTests" name="testdeleteUser" time="1.145"/>
</testsuite> <!-- Test -->
