<?xml version="1.0" encoding="UTF-8"?>
<testng-results ignored="0" total="4" passed="4" failed="0" skipped="0">
  <reporter-output>
  </reporter-output>
  <suite started-at="2023-09-18T16:46:51 IST" name="Suite" finished-at="2023-09-18T16:47:02 IST" duration-ms="10794">
    <groups>
    </groups>
    <test started-at="2023-09-18T16:46:51 IST" name="Test" finished-at="2023-09-18T16:47:02 IST" duration-ms="10794">
      <class name="api.test.UserTests">
        <test-method is-config="true" signature="setUpData()[pri:0, instance:api.test.UserTests@1e6a3214]" started-at="2023-09-18T16:46:51 IST" name="setUpData" finished-at="2023-09-18T16:46:52 IST" duration-ms="574" status="PASS">
          <reporter-output>
          </reporter-output>
        </test-method> <!-- setUpData -->
        <test-method signature="testCreateUser()[pri:1, instance:api.test.UserTests@1e6a3214]" started-at="2023-09-18T16:46:52 IST" name="testCreateUser" finished-at="2023-09-18T16:46:57 IST" duration-ms="5352" status="PASS">
          <reporter-output>
          </reporter-output>
        </test-method> <!-- testCreateUser -->
        <test-method signature="testReadUser()[pri:2, instance:api.test.UserTests@1e6a3214]" started-at="2023-09-18T16:46:57 IST" name="testReadUser" finished-at="2023-09-18T16:46:58 IST" duration-ms="1245" status="PASS">
          <reporter-output>
          </reporter-output>
        </test-method> <!-- testReadUser -->
        <test-method signature="testupdateUser()[pri:3, instance:api.test.UserTests@1e6a3214]" started-at="2023-09-18T16:46:58 IST" name="testupdateUser" finished-at="2023-09-18T16:47:01 IST" duration-ms="2384" status="PASS">
          <reporter-output>
          </reporter-output>
        </test-method> <!-- testupdateUser -->
        <test-method signature="testdeleteUser()[pri:4, instance:api.test.UserTests@1e6a3214]" started-at="2023-09-18T16:47:01 IST" name="testdeleteUser" finished-at="2023-09-18T16:47:02 IST" duration-ms="1145" status="PASS">
          <reporter-output>
          </reporter-output>
        </test-method> <!-- testdeleteUser -->
      </class> <!-- api.test.UserTests -->
    </test> <!-- Test -->
  </suite> <!-- Suite -->
</testng-results>
