<?xml version="1.0" encoding="UTF-8"?>
<testng-results ignored="0" total="4" passed="4" failed="0" skipped="0">
  <reporter-output>
  </reporter-output>
  <suite started-at="2023-09-18T16:32:29 IST" name="Suite" finished-at="2023-09-18T16:32:40 IST" duration-ms="11320">
    <groups>
    </groups>
    <test started-at="2023-09-18T16:32:29 IST" name="Test" finished-at="2023-09-18T16:32:40 IST" duration-ms="11320">
      <class name="api.test.UserTests">
        <test-method is-config="true" signature="setUpData()[pri:0, instance:api.test.UserTests@611889f4]" started-at="2023-09-18T16:32:29 IST" name="setUpData" finished-at="2023-09-18T16:32:29 IST" duration-ms="594" status="PASS">
          <reporter-output>
          </reporter-output>
        </test-method> <!-- setUpData -->
        <test-method signature="testCreateUser()[pri:1, instance:api.test.UserTests@611889f4]" started-at="2023-09-18T16:32:29 IST" name="testCreateUser" finished-at="2023-09-18T16:32:35 IST" duration-ms="5734" status="PASS">
          <reporter-output>
          </reporter-output>
        </test-method> <!-- testCreateUser -->
        <test-method signature="testReadUser()[pri:2, instance:api.test.UserTests@611889f4]" started-at="2023-09-18T16:32:35 IST" name="testReadUser" finished-at="2023-09-18T16:32:36 IST" duration-ms="1228" status="PASS">
          <reporter-output>
          </reporter-output>
        </test-method> <!-- testReadUser -->
        <test-method signature="testupdateUser()[pri:3, instance:api.test.UserTests@611889f4]" started-at="2023-09-18T16:32:36 IST" name="testupdateUser" finished-at="2023-09-18T16:32:39 IST" duration-ms="2436" status="PASS">
          <reporter-output>
          </reporter-output>
        </test-method> <!-- testupdateUser -->
        <test-method signature="testdeleteUser()[pri:4, instance:api.test.UserTests@611889f4]" started-at="2023-09-18T16:32:39 IST" name="testdeleteUser" finished-at="2023-09-18T16:32:40 IST" duration-ms="1255" status="PASS">
          <reporter-output>
          </reporter-output>
        </test-method> <!-- testdeleteUser -->
      </class> <!-- api.test.UserTests -->
    </test> <!-- Test -->
  </suite> <!-- Suite -->
</testng-results>
